Copyright 1986-2018 Xilinx, Inc. All Rights Reserved.
---------------------------------------------------------------------------------------------------------------------------------------
| Tool Version : Vivado v.2018.3 (win64) Build 2405991 Thu Dec  6 23:38:27 MST 2018
| Date         : Wed Mar  6 16:18:12 2024
| Host         : StaaBuG15 running 64-bit major release  (build 9200)
| Command      : report_drc -file design_1_wrapper_drc_opted.rpt -pb design_1_wrapper_drc_opted.pb -rpx design_1_wrapper_drc_opted.rpx
| Design       : design_1_wrapper
| Device       : xc7a200tsbg484-1
| Speed File   : -1
| Design State : Synthesized
---------------------------------------------------------------------------------------------------------------------------------------

Report DRC

Table of Contents
-----------------
1. REPORT SUMMARY
2. REPORT DETAILS

1. REPORT SUMMARY
-----------------
            Netlist: netlist
          Floorplan: design_1
      Design limits: <entire design considered>
           Ruledeck: default
             Max violations: <unlimited>
             Violations found: 7
+----------+------------------+-------------------------------------------------------------------+------------+
| Rule     | Severity         | Description                                                       | Violations |
+----------+------------------+-------------------------------------------------------------------+------------+
| NSTD-1   | Critical Warning | Unspecified I/O Standard                                          | 1          |
| UCIO-1   | Critical Warning | Unconstrained Logical Port                                        | 1          |
| CFGBVS-1 | Warning          | Missing CFGBVS and CONFIG_VOLTAGE Design Properties               | 1          |
| AVAL-4   | Advisory         | enum_USE_DPORT_FALSE_enum_DREG_ADREG_0_connects_CED_CEAD_RSTD_GND | 2          |
| AVAL-5   | Advisory         | enum_USE_MULT_NONE_enum_DREG_ADREG_0_connects_CED_CEAD_RSTD_GND   | 2          |
+----------+------------------+-------------------------------------------------------------------+------------+

2. REPORT DETAILS
-----------------
NSTD-1#1 Critical Warning
Unspecified I/O Standard  
176 out of 176 logical ports use I/O standard (IOSTANDARD) value 'DEFAULT', instead of a user assigned specific value. This may cause I/O contention or incompatibility with the board power or connectivity affecting performance, signal integrity or in extreme cases cause damage to the device or the components to which it is connected. To correct this violation, specify all I/O standards. This design will fail to generate a bitstream unless all logical ports have a user specified I/O standard value defined. To allow bitstream creation with unspecified I/O standard values (not recommended), use this command: set_property SEVERITY {Warning} [get_drc_checks NSTD-1].  NOTE: When using the Vivado Runs infrastructure (e.g. launch_runs Tcl command), add this command to a .tcl file and add that file as a pre-hook for write_bitstream step for the implementation run. Problem ports: M_AXIS_RESULT_0_tdata[31:0], M_AXIS_RESULT_0_tflags[2:0], M_AXIS_RESULT_0_tuser[18:0], M_AXIS_RESULT_0_tready, M_AXIS_RESULT_0_tvalid, aresetn, aclk, S_AXIS_B_0_tdata[31:0], S_AXIS_B_0_tready, S_AXIS_B_0_tvalid, S_AXIS_A_0_tdata[31:0], S_AXIS_A_0_tuser[15:0], S_AXIS_A_0_tready, S_AXIS_A_0_tvalid, S_AXIS_C_0_tdata[31:0] (the first 15 of 17 listed).
Related violations: <none>

UCIO-1#1 Critical Warning
Unconstrained Logical Port  
176 out of 176 logical ports have no user assigned specific location constraint (LOC). This may cause I/O contention or incompatibility with the board power or connectivity affecting performance, signal integrity or in extreme cases cause damage to the device or the components to which it is connected. To correct this violation, specify all pin locations. This design will fail to generate a bitstream unless all logical ports have a user specified site LOC constraint defined.  To allow bitstream creation with unspecified pin locations (not recommended), use this command: set_property SEVERITY {Warning} [get_drc_checks UCIO-1].  NOTE: When using the Vivado Runs infrastructure (e.g. launch_runs Tcl command), add this command to a .tcl file and add that file as a pre-hook for write_bitstream step for the implementation run.  Problem ports: M_AXIS_RESULT_0_tdata[31:0], M_AXIS_RESULT_0_tflags[2:0], M_AXIS_RESULT_0_tuser[18:0], M_AXIS_RESULT_0_tready, M_AXIS_RESULT_0_tvalid, aresetn, aclk, S_AXIS_B_0_tdata[31:0], S_AXIS_B_0_tready, S_AXIS_B_0_tvalid, S_AXIS_A_0_tdata[31:0], S_AXIS_A_0_tuser[15:0], S_AXIS_A_0_tready, S_AXIS_A_0_tvalid, S_AXIS_C_0_tdata[31:0] (the first 15 of 17 listed).
Related violations: <none>

CFGBVS-1#1 Warning
Missing CFGBVS and CONFIG_VOLTAGE Design Properties  
Neither the CFGBVS nor CONFIG_VOLTAGE voltage property is set in the current_design.  Configuration bank voltage select (CFGBVS) must be set to VCCO or GND, and CONFIG_VOLTAGE must be set to the correct configuration voltage, in order to determine the I/O voltage support for the pins in bank 0.  It is suggested to specify these either using the 'Edit Device Properties' function in the GUI or directly in the XDC file using the following syntax:

 set_property CFGBVS value1 [current_design]
 #where value1 is either VCCO or GND

 set_property CONFIG_VOLTAGE value2 [current_design]
 #where value2 is the voltage provided to configuration bank 0

Refer to the device configuration user guide for more information.
Related violations: <none>

AVAL-4#1 Advisory
enum_USE_DPORT_FALSE_enum_DREG_ADREG_0_connects_CED_CEAD_RSTD_GND  
design_1_i/floating_point_0/U0/i_synth/FMA_OP.OP/addsub/add/ALIGN_BLK/FRAC_ADDSUB/DSP_ADD.one_dsp.FRAC_ADDSUB/DSP48E1_ADD.DSP48E1_ADD/DSP: DSP48E1 is not using the D port (USE_DPORT = FALSE). For improved power characteristics, set DREG and ADREG to '1', tie CED, CEAD, and RSTD to logic '0'.
Related violations: <none>

AVAL-4#2 Advisory
enum_USE_DPORT_FALSE_enum_DREG_ADREG_0_connects_CED_CEAD_RSTD_GND  
design_1_i/floating_point_0/U0/i_synth/FMA_OP.OP/addsub/add/NORM/ROUND/DSP48_E1.DSP48E1_ADD.DSP48E1_ADD/DSP: DSP48E1 is not using the D port (USE_DPORT = FALSE). For improved power characteristics, set DREG and ADREG to '1', tie CED, CEAD, and RSTD to logic '0'.
Related violations: <none>

AVAL-5#1 Advisory
enum_USE_MULT_NONE_enum_DREG_ADREG_0_connects_CED_CEAD_RSTD_GND  
design_1_i/floating_point_0/U0/i_synth/FMA_OP.OP/addsub/add/ALIGN_BLK/FRAC_ADDSUB/DSP_ADD.one_dsp.FRAC_ADDSUB/DSP48E1_ADD.DSP48E1_ADD/DSP: DSP48E1 is not using the Multiplier (USE_MULT = NONE). For improved power characteristics, set DREG and ADREG to '1', tie CED, CEAD, and RSTD to logic '0'.
Related violations: <none>

AVAL-5#2 Advisory
enum_USE_MULT_NONE_enum_DREG_ADREG_0_connects_CED_CEAD_RSTD_GND  
design_1_i/floating_point_0/U0/i_synth/FMA_OP.OP/addsub/add/NORM/ROUND/DSP48_E1.DSP48E1_ADD.DSP48E1_ADD/DSP: DSP48E1 is not using the Multiplier (USE_MULT = NONE). For improved power characteristics, set DREG and ADREG to '1', tie CED, CEAD, and RSTD to logic '0'.
Related violations: <none>


